<?xml version="1.0" encoding="utf-8"?><testsuites name="pytest tests"><testsuite name="pytest" errors="0" failures="0" skipped="0" tests="25" time="11.468" timestamp="2026-03-17T12:54:55.807790+00:00" hostname="agent-env-be40d410-e370-460a-a742-49ce97563f12"><testcase classname="tests.test_audit_features.TestRegistrationSecurity" name="test_register_as_parent_should_succeed" time="0.522" /><testcase classname="tests.test_audit_features.TestRegistrationSecurity" name="test_register_as_admin_should_fail" time="0.136" /><testcase classname="tests.test_audit_features.TestRegistrationSecurity" name="test_register_as_teacher_should_fail" time="0.164" /><testcase classname="tests.test_audit_features.TestRegistrationSecurity" name="test_register_as_student_should_fail" time="0.118" /><testcase classname="tests.test_audit_features.TestRegistrationSecurity" name="test_register_as_accountant_should_fail" time="0.115" /><testcase classname="tests.test_audit_features.TestAdminCreateUser" name="test_admin_can_create_teacher" time="0.819" /><testcase classname="tests.test_audit_features.TestAdminCreateUser" name="test_admin_can_create_student" time="0.666" /><testcase classname="tests.test_audit_features.TestAdminCreateUser" name="test_admin_can_create_accountant" time="0.679" /><testcase classname="tests.test_audit_features.TestAdminCreateUser" name="test_non_admin_cannot_create_user" time="0.440" /><testcase classname="tests.test_audit_features.TestMarksValidation" name="test_marks_reject_marks_exceeding_max" time="0.531" /><testcase classname="tests.test_audit_features.TestMarksValidation" name="test_marks_reject_negative_marks" time="0.460" /><testcase classname="tests.test_audit_features.TestMarksValidation" name="test_marks_reject_zero_max_marks" time="0.450" /><testcase classname="tests.test_audit_features.TestMarksValidation" name="test_marks_valid_entry_succeeds" time="0.549" /><testcase classname="tests.test_audit_features.TestMarksValidation" name="test_marks_upsert_updates_existing" time="0.690" /><testcase classname="tests.test_audit_features.TestTeacherDashboard" name="test_teacher_dashboard_no_hardcoded_value" time="0.468" /><testcase classname="tests.test_audit_features.TestUserSearchEndpoint" name="test_user_search_endpoint_exists" time="0.458" /><testcase classname="tests.test_audit_features.TestUserSearchEndpoint" name="test_user_search_returns_user_details" time="0.451" /><testcase classname="tests.test_audit_features.TestMessageRoleRestrictions" name="test_parent_cannot_broadcast_to_all" time="0.472" /><testcase classname="tests.test_audit_features.TestMessageRoleRestrictions" name="test_parent_cannot_message_all_students" time="0.433" /><testcase classname="tests.test_audit_features.TestMessageRoleRestrictions" name="test_parent_cannot_message_all_parents" time="0.443" /><testcase classname="tests.test_audit_features.TestMessageRoleRestrictions" name="test_admin_can_broadcast_to_all" time="0.444" /><testcase classname="tests.test_audit_features.TestGeneratePendingPayments" name="test_generate_pending_endpoint_exists" time="0.507" /><testcase classname="tests.test_audit_features.TestGeneratePendingPayments" name="test_generate_pending_requires_class" time="0.469" /><testcase classname="tests.test_audit_features.TestStudentCreationAccess" name="test_teacher_cannot_create_student" time="0.438" /><testcase classname="tests.test_audit_features.TestStudentCreationAccess" name="test_admin_can_create_student" time="0.465" /></testsuite></testsuites>