<?xml version="1.0" encoding="utf-8"?><testsuites name="pytest tests"><testsuite name="pytest" errors="0" failures="0" skipped="0" tests="21" time="13.062" timestamp="2026-03-18T12:52:49.661949+00:00" hostname="agent-env-be40d410-e370-460a-a742-49ce97563f12"><testcase classname="backend.tests.test_class_onboarding.TestClassStructure" name="test_get_classes_auto_seeds" time="0.494" /><testcase classname="backend.tests.test_class_onboarding.TestClassStructure" name="test_classes_have_sections" time="0.473" /><testcase classname="backend.tests.test_class_onboarding.TestClassStructure" name="test_create_class_admin_only" time="0.825" /><testcase classname="backend.tests.test_class_onboarding.TestClassStructure" name="test_create_class_as_admin" time="0.481" /><testcase classname="backend.tests.test_class_onboarding.TestClassStructure" name="test_update_class_sections" time="0.619" /><testcase classname="backend.tests.test_class_onboarding.TestClassStructure" name="test_get_class_students" time="0.638" /><testcase classname="backend.tests.test_class_onboarding.TestOnboardingWizard" name="test_onboarding_step1_start" time="0.440" /><testcase classname="backend.tests.test_class_onboarding.TestOnboardingWizard" name="test_onboarding_full_flow" time="1.064" /><testcase classname="backend.tests.test_class_onboarding.TestOnboardingWizard" name="test_onboarding_duplicate_detection" time="0.606" /><testcase classname="backend.tests.test_class_onboarding.TestOnboardingWizard" name="test_onboarding_section_capacity_validation" time="0.720" /><testcase classname="backend.tests.test_class_onboarding.TestStudentEdit" name="test_student_edit_allowed_fields" time="0.599" /><testcase classname="backend.tests.test_class_onboarding.TestStudentEdit" name="test_admission_number_immutable" time="0.583" /><testcase classname="backend.tests.test_class_onboarding.TestStudentEdit" name="test_student_edit_creates_audit_log" time="0.735" /><testcase classname="backend.tests.test_class_onboarding.TestStudentEdit" name="test_student_class_transfer_validation" time="0.818" /><testcase classname="backend.tests.test_class_onboarding.TestAuditLogs" name="test_get_audit_logs" time="0.467" /><testcase classname="backend.tests.test_class_onboarding.TestAuditLogs" name="test_audit_logs_admin_only" time="0.862" /><testcase classname="backend.tests.test_class_onboarding.TestAuditLogs" name="test_audit_logs_filter_by_entity" time="0.442" /><testcase classname="backend.tests.test_class_onboarding.TestAuditLogs" name="test_audit_logs_onboarding_entries" time="0.459" /><testcase classname="backend.tests.test_class_onboarding.TestRegistrationSecurity" name="test_registration_only_parent_role" time="0.576" /><testcase classname="backend.tests.test_class_onboarding.TestSectionFilters" name="test_sections_are_objects" time="0.515" /><testcase classname="backend.tests.test_class_onboarding.TestSectionFilters" name="test_students_filter_by_class_section" time="0.584" /></testsuite></testsuites>