<?xml version="1.0" encoding="utf-8"?><testsuites name="pytest tests"><testsuite name="pytest" errors="0" failures="0" skipped="0" tests="16" time="4.528" timestamp="2026-03-21T12:59:00.116923+00:00" hostname="agent-env-eb8fc17b-86cb-4aee-af1d-bc4ed746bd63"><testcase classname="backend.tests.test_iteration8_features.TestAdminLogin" name="test_admin_login_success" time="0.532" /><testcase classname="backend.tests.test_iteration8_features.TestFeesRefreshOverdue" name="test_refresh_overdue_endpoint" time="0.512" /><testcase classname="backend.tests.test_iteration8_features.TestFeesClassConfig" name="test_get_class_config_returns_sibling_discount" time="0.144" /><testcase classname="backend.tests.test_iteration8_features.TestFeesClassConfig" name="test_update_class_config_with_sibling_discount" time="0.361" /><testcase classname="backend.tests.test_iteration8_features.TestFeesConcession" name="test_apply_concession_to_student" time="0.215" /><testcase classname="backend.tests.test_iteration8_features.TestFeesConcession" name="test_get_concessions_list" time="0.126" /><testcase classname="backend.tests.test_iteration8_features.TestFeesPaymentReceipt" name="test_payment_generates_sequential_receipt" time="0.394" /><testcase classname="backend.tests.test_iteration8_features.TestHolidaysCRUD" name="test_get_holidays_list" time="0.104" /><testcase classname="backend.tests.test_iteration8_features.TestHolidaysCRUD" name="test_create_holiday" time="0.117" /><testcase classname="backend.tests.test_iteration8_features.TestHolidaysCRUD" name="test_delete_holiday" time="0.206" /><testcase classname="backend.tests.test_iteration8_features.TestAttendanceHolidayBlocking" name="test_attendance_blocked_on_holiday" time="0.580" /><testcase classname="backend.tests.test_iteration8_features.TestAttendanceParentNotification" name="test_attendance_returns_parents_notified" time="0.500" /><testcase classname="backend.tests.test_iteration8_features.TestAttendanceAlerts" name="test_get_attendance_alerts" time="0.112" /><testcase classname="backend.tests.test_iteration8_features.TestEmployeeAttendance" name="test_mark_employee_attendance" time="0.205" /><testcase classname="backend.tests.test_iteration8_features.TestEmployeeAttendance" name="test_get_employee_attendance" time="0.132" /><testcase classname="backend.tests.test_iteration8_features.TestCleanup" name="test_cleanup_test_holidays" time="0.204" /></testsuite></testsuites>