<?xml version="1.0" encoding="utf-8"?><testsuites name="pytest tests"><testsuite name="pytest" errors="0" failures="0" skipped="0" tests="26" time="12.806" timestamp="2026-03-21T12:26:59.666869+00:00" hostname="agent-env-eb8fc17b-86cb-4aee-af1d-bc4ed746bd63"><testcase classname="backend.tests.test_iteration7_features.TestAuthAndDashboard" name="test_health_check" time="0.340" /><testcase classname="backend.tests.test_iteration7_features.TestAuthAndDashboard" name="test_admin_login" time="0.337" /><testcase classname="backend.tests.test_iteration7_features.TestAuthAndDashboard" name="test_teacher_login" time="0.334" /><testcase classname="backend.tests.test_iteration7_features.TestAuthAndDashboard" name="test_admin_dashboard" time="0.475" /><testcase classname="backend.tests.test_iteration7_features.TestAttendance" name="test_get_classes" time="0.480" /><testcase classname="backend.tests.test_iteration7_features.TestAttendance" name="test_get_students_by_class" time="0.599" /><testcase classname="backend.tests.test_iteration7_features.TestAttendance" name="test_submit_attendance" time="0.728" /><testcase classname="backend.tests.test_iteration7_features.TestAttendance" name="test_get_session_status" time="0.565" /><testcase classname="backend.tests.test_iteration7_features.TestAttendance" name="test_unlock_attendance_admin" time="0.551" /><testcase classname="backend.tests.test_iteration7_features.TestMarks" name="test_get_exams" time="0.432" /><testcase classname="backend.tests.test_iteration7_features.TestMarks" name="test_create_exam" time="0.690" /><testcase classname="backend.tests.test_iteration7_features.TestMarks" name="test_get_marks" time="0.536" /><testcase classname="backend.tests.test_iteration7_features.TestMarks" name="test_lock_exam" time="0.537" /><testcase classname="backend.tests.test_iteration7_features.TestMarks" name="test_unlock_exam" time="0.545" /><testcase classname="backend.tests.test_iteration7_features.TestMarks" name="test_publish_exam" time="0.541" /><testcase classname="backend.tests.test_iteration7_features.TestReports" name="test_financial_report" time="0.433" /><testcase classname="backend.tests.test_iteration7_features.TestReports" name="test_attendance_report" time="0.471" /><testcase classname="backend.tests.test_iteration7_features.TestReports" name="test_academic_report" time="0.563" /><testcase classname="backend.tests.test_iteration7_features.TestFees" name="test_get_class_fee_config" time="0.428" /><testcase classname="backend.tests.test_iteration7_features.TestFees" name="test_get_fee_structure" time="0.413" /><testcase classname="backend.tests.test_iteration7_features.TestFees" name="test_get_due_chart" time="0.514" /><testcase classname="backend.tests.test_iteration7_features.TestRBAC" name="test_teacher_can_access_attendance" time="0.443" /><testcase classname="backend.tests.test_iteration7_features.TestRBAC" name="test_teacher_can_access_marks" time="0.437" /><testcase classname="backend.tests.test_iteration7_features.TestRBAC" name="test_teacher_cannot_access_fees" time="0.423" /><testcase classname="backend.tests.test_iteration7_features.TestRBAC" name="test_teacher_cannot_access_financial_reports" time="0.486" /><testcase classname="backend.tests.test_iteration7_features.TestRBAC" name="test_teacher_can_access_attendance_reports" time="0.418" /></testsuite></testsuites>