<?xml version="1.0" encoding="utf-8"?><testsuites name="pytest tests"><testsuite name="pytest" errors="0" failures="0" skipped="0" tests="26" time="11.865" timestamp="2026-03-18T13:35:04.697745+00:00" hostname="agent-env-09bb18f5-40f8-4c52-afd6-6fa68f1d756e"><testcase classname="backend.tests.test_refactored_backend.TestHealth" name="test_health_endpoint" time="0.164" /><testcase classname="backend.tests.test_refactored_backend.TestAuth" name="test_admin_login" time="0.347" /><testcase classname="backend.tests.test_refactored_backend.TestAuth" name="test_teacher_login" time="0.338" /><testcase classname="backend.tests.test_refactored_backend.TestAuth" name="test_invalid_login" time="0.120" /><testcase classname="backend.tests.test_refactored_backend.TestPasswordReset" name="test_forgot_password_flow" time="0.126" /><testcase classname="backend.tests.test_refactored_backend.TestPasswordReset" name="test_reset_password_flow" time="0.467" /><testcase classname="backend.tests.test_refactored_backend.TestPasswordReset" name="test_reset_password_invalid_token" time="0.160" /><testcase classname="backend.tests.test_refactored_backend.TestPasswordReset" name="test_reset_password_short_password" time="0.240" /><testcase classname="backend.tests.test_refactored_backend.TestStudents" name="test_get_students" time="0.569" /><testcase classname="backend.tests.test_refactored_backend.TestClasses" name="test_get_classes" time="0.450" /><testcase classname="backend.tests.test_refactored_backend.TestEmployees" name="test_get_employees" time="0.492" /><testcase classname="backend.tests.test_refactored_backend.TestEmployees" name="test_employee_link_user" time="0.797" /><testcase classname="backend.tests.test_refactored_backend.TestFeeStructure" name="test_get_fee_structures" time="0.509" /><testcase classname="backend.tests.test_refactored_backend.TestAnnouncements" name="test_get_announcements" time="0.478" /><testcase classname="backend.tests.test_refactored_backend.TestUtilities" name="test_get_subjects" time="0.439" /><testcase classname="backend.tests.test_refactored_backend.TestUtilities" name="test_get_departments" time="0.489" /><testcase classname="backend.tests.test_refactored_backend.TestReports" name="test_get_financial_report" time="0.454" /><testcase classname="backend.tests.test_refactored_backend.TestReports" name="test_get_attendance_report" time="0.773" /><testcase classname="backend.tests.test_refactored_backend.TestReports" name="test_get_academic_report" time="0.603" /><testcase classname="backend.tests.test_refactored_backend.TestReportsExport" name="test_financial_export_pdf" time="0.543" /><testcase classname="backend.tests.test_refactored_backend.TestReportsExport" name="test_financial_export_excel" time="0.677" /><testcase classname="backend.tests.test_refactored_backend.TestReportsExport" name="test_attendance_export_pdf" time="0.466" /><testcase classname="backend.tests.test_refactored_backend.TestReportsExport" name="test_attendance_export_excel" time="0.466" /><testcase classname="backend.tests.test_refactored_backend.TestReportsExport" name="test_academic_export_pdf" time="0.487" /><testcase classname="backend.tests.test_refactored_backend.TestReportsExport" name="test_academic_export_excel" time="0.500" /><testcase classname="backend.tests.test_refactored_backend.TestMarksMarksheet" name="test_marksheet_pdf" time="0.614" /></testsuite></testsuites>